Array
(
    [0] => Array
        (
            [0] => 1
            [1] => rt
            [2] => f@sd.fgh
            [3] => Image67c.jpg
            [4] => 2017-02-14 11:51:15
        )

    [1] => Array
        (
            [0] => 2
            [1] => ddd
            [2] => f@sd.fgh
            [3] => 11880536_503125179850006_1815601129971537475_n.jpg
            [4] => 2017-02-14 11:52:42
        )

    [2] => Array
        (
            [0] => 3
            [1] => lek
            [2] => f@sd.fgh
            [3] => 10922370_10152986148098841_7380215045727824643_o.jpg
            [4] => 2017-02-14 12:00:57
        )

    [3] => Array
        (
            [0] => 4
            [1] => lek
            [2] => f@sd.fgh
            [3] => 10922370_10152986148098841_7380215045727824643_o.jpg
            [4] => 2017-02-14 12:01:34
        )

    [4] => Array
        (
            [0] => 5
            [1] => Mickey
            [2] => ss@asd.com
            [3] => Page2.jpg
            [4] => 2017-02-14 12:02:11
        )

    [5] => Array
        (
            [0] => 6
            [1] => Mickey
            [2] => f@sd.fgh
            [3] => 11760196_918415894891481_7676861475261203868_n.jpg
            [4] => 2017-02-14 12:03:43
        )

    [6] => Array
        (
            [0] => 7
            [1] => sdf
            [2] => f@sd.fgh
            [3] => Page2.jpg
            [4] => 2017-02-14 12:07:29
        )

    [7] => Array
        (
            [0] => 8
            [1] => Mickey
            [2] => f@sd.fgh
            [3] => 11220089_918415951558142_3579549991847954233_n.jpg
            [4] => 2017-02-14 12:10:03
        )

    [8] => Array
        (
            [0] => 9
            [1] => Mickey
            [2] => f@sd.fgh
            [3] => 11059504_918416028224801_3204872485962431805_n.jpg
            [4] => 2017-02-14 12:10:32
        )

    [9] => Array
        (
            [0] => 10
            [1] => Mickey
            [2] => f@sd.fgh
            [3] => Page2.jpg
            [4] => 2017-02-14 12:12:11
        )

    [10] => Array
        (
            [0] => 11
            [1] => rt
            [2] => f@sd.fgh
            [3] => 11059504_918416028224801_3204872485962431805_n.jpg
            [4] => 2017-02-14 12:12:58
        )

    [11] => Array
        (
            [0] => 12
            [1] => Mickey
            [2] => ss@asd.com
            [3] => 10955299_918415988224805_8177341062570137977_n.jpg
            [4] => 2017-02-14 12:18:10
        )

)

